<?xml version="1.0" encoding="utf-8"?><testsuite errors="1" failures="0" name="pytest" skips="0" tests="1" time="0.092"><testcase classname="" file="test/index_test.py" name="test.index_test" time="0"><error message="collection failure">ImportError while importing test module &apos;/home/yishuen/sql-window-functions-lab-nyc-career-ds-102218/test/index_test.py&apos;.
Hint: make sure your test modules/packages have valid Python names.
Traceback:
test/index_test.py:1: in &lt;module&gt;
    import unittest, psycopg2, datetime, sys
E   ModuleNotFoundError: No module named &apos;psycopg2&apos;</error></testcase></testsuite>